#
# A fatal error has been detected by the Java Runtime Environment:
#
#  EXCEPTION_ACCESS_VIOLATION (0xc0000005) at pc=0x0000000002858d81, pid=8412, tid=6948
#
# JRE version: Java(TM) SE Runtime Environment (7.0_55-b13) (build 1.7.0_55-b13)
# Java VM: Java HotSpot(TM) 64-Bit Server VM (24.55-b03 mixed mode windows-amd64 compressed oops)
# Problematic frame:
# J  com.android.dx.rop.code.RegisterSpec.intern(ILcom/android/dx/rop/type/TypeBearer;Lcom/android/dx/rop/code/LocalItem;)Lcom/android/dx/rop/code/RegisterSpec;
#
# Failed to write core dump. Minidumps are not enabled by default on client versions of Windows
#
# If you would like to submit a bug report, please visit:
#   http://bugreport.sun.com/bugreport/crash.jsp
#

---------------  T H R E A D  ---------------

Current thread (0x000000000a36d000):  JavaThread "pool-1-thread-1" [_thread_in_Java, id=6948, stack(0x000000000b000000,0x000000000b100000)]

siginfo: ExceptionCode=0xc0000005, reading address 0x000000008000000c

Registers:
RAX=0x00000000144ea11e, RBX=0x00000000eee27a70, RCX=0x0000000000000000, RDX=0x0000000000008000
RSP=0x000000000b0fec40, RBP=0x0000000000000000, RSI=0x00000000bb1dce70, RDI=0x00000000051e9000
R8 =0x00000000000075ca, R9 =0x000000007231f5ca, R10=0x0000000007582dda, R11=0x0000000080000000
R12=0x0000000000000000, R13=0x0000000000000007, R14=0x0000000000000000, R15=0x000000000a36d000
RIP=0x0000000002858d81, EFLAGS=0x0000000000010286

Top of Stack: (sp=0x000000000b0fec40)
0x000000000b0fec40:   000000000b0fecb8 00000000027c60f8
0x000000000b0fec50:   0000000000000445 0000000000000099
0x000000000b0fec60:   0000000000000009 0000000000000000
0x000000000b0fec70:   00000000bb261118 000000000b0fecc8
0x000000000b0fec80:   0000000000000003 00000000bb3b1300
0x000000000b0fec90:   000000000b0fed18 00000000028cfdb4
0x000000000b0feca0:   000000000b0fecc0 000000000b0fed18
0x000000000b0fecb0:   000000000b0fed18 00000000027c62d3
0x000000000b0fecc0:   00000000027c62d3 00000000ed8b02f0
0x000000000b0fecd0:   0000000000000009 000000000b0fecd8
0x000000000b0fece0:   00000000bb25bd35 000000000b0fedd0
0x000000000b0fecf0:   00000000bb264698 00000000bb393ee0
0x000000000b0fed00:   00000000bb25c608 000000000b0fecc8
0x000000000b0fed10:   000000000b0fedb8 000000000b0fee18
0x000000000b0fed20:   00000000027c67a6 0000000000000000
0x000000000b0fed30:   0000000000000000 0000000000000000 

Instructions: (pc=0x0000000002858d81)
0x0000000002858d61:   ef 58 eb 01 59 85 c0 0f 84 5d 03 00 00 45 8b 5b
0x0000000002858d71:   18 85 05 88 72 97 fd 45 85 db 0f 84 38 fc ff ff
0x0000000002858d81:   45 8b 53 0c 45 3b d1 75 e4 41 8b 4b 10 49 ba 40
0x0000000002858d91:   2f e2 ee 00 00 00 00 45 8b 52 10 49 b8 40 2f e2 


Register to memory mapping:

RAX=0x00000000144ea11e is an unknown value
RBX=0x00000000eee27a70 is an oop
[Ljava.util.HashMap$Entry; 
 - klass: 'java/util/HashMap$Entry'[]
 - length: 32768
RCX=0x0000000000000000 is an unknown value
RDX=0x0000000000008000 is an unknown value
RSP=0x000000000b0fec40 is pointing into the stack for thread: 0x000000000a36d000
RBP=0x0000000000000000 is an unknown value
RSI=0x00000000bb1dce70 is an oop
{instance class} 
 - klass: {other class}
RDI=0x00000000051e9000 is an unknown value
R8 =0x00000000000075ca is an unknown value
R9 =0x000000007231f5ca is an unknown value
R10=0x0000000007582dda is an unknown value
R11=0x0000000080000000 is an unknown value
R12=0x0000000000000000 is an unknown value
R13=0x0000000000000007 is an unknown value
R14=0x0000000000000000 is an unknown value
R15=0x000000000a36d000 is a thread


Stack: [0x000000000b000000,0x000000000b100000],  sp=0x000000000b0fec40,  free space=1019k
Native frames: (J=compiled Java code, j=interpreted, Vv=VM code, C=native code)
J  com.android.dx.rop.code.RegisterSpec.intern(ILcom/android/dx/rop/type/TypeBearer;Lcom/android/dx/rop/code/LocalItem;)Lcom/android/dx/rop/code/RegisterSpec;

[error occurred during error reporting (printing native stack), id 0xc0000005]


---------------  P R O C E S S  ---------------

Java Threads: ( => current thread )
  0x000000000a2d9000 JavaThread "pool-1-thread-4" [_thread_blocked, id=9188, stack(0x000000000b880000,0x000000000b980000)]
  0x000000000a2d7800 JavaThread "pool-1-thread-3" [_thread_blocked, id=5544, stack(0x000000000b5e0000,0x000000000b6e0000)]
  0x000000000a1f8800 JavaThread "pool-1-thread-2" [_thread_blocked, id=7880, stack(0x000000000b420000,0x000000000b520000)]
  0x000000000a36e000 JavaThread "pool-2-thread-1" [_thread_blocked, id=4216, stack(0x000000000b200000,0x000000000b300000)]
=>0x000000000a36d000 JavaThread "pool-1-thread-1" [_thread_in_Java, id=6948, stack(0x000000000b000000,0x000000000b100000)]
  0x000000000a052000 JavaThread "Service Thread" daemon [_thread_blocked, id=6048, stack(0x000000000a630000,0x000000000a730000)]
  0x000000000a051000 JavaThread "C2 CompilerThread1" daemon [_thread_in_native, id=3972, stack(0x0000000009de0000,0x0000000009ee0000)]
  0x00000000088c7000 JavaThread "C2 CompilerThread0" daemon [_thread_in_native, id=4396, stack(0x0000000009b90000,0x0000000009c90000)]
  0x00000000088c2800 JavaThread "Attach Listener" daemon [_thread_blocked, id=8036, stack(0x0000000009f50000,0x000000000a050000)]
  0x00000000088bb800 JavaThread "Signal Dispatcher" daemon [_thread_blocked, id=6692, stack(0x0000000009ce0000,0x0000000009de0000)]
  0x000000000884f800 JavaThread "Finalizer" daemon [_thread_blocked, id=6384, stack(0x0000000009a80000,0x0000000009b80000)]
  0x000000000884c000 JavaThread "Reference Handler" daemon [_thread_blocked, id=8804, stack(0x0000000009810000,0x0000000009910000)]
  0x000000000233f000 JavaThread "main" [_thread_blocked, id=8368, stack(0x00000000026c0000,0x00000000027c0000)]

Other Threads:
  0x0000000008848800 VMThread [stack: 0x0000000009970000,0x0000000009a70000] [id=9036]
  0x000000000a05b000 WatcherThread [stack: 0x000000000a510000,0x000000000a610000] [id=7620]

VM state:not at safepoint (normal execution)

VM Mutex/Monitor currently owned by a thread: None

Heap
 PSYoungGen      total 68096K, used 50493K [0x00000000eaa80000, 0x00000000eef80000, 0x0000000100000000)
  eden space 65536K, 73% used [0x00000000eaa80000,0x00000000ed9570b8,0x00000000eea80000)
  from space 2560K, 98% used [0x00000000eed00000,0x00000000eef784e0,0x00000000eef80000)
  to   space 2560K, 0% used [0x00000000eea80000,0x00000000eea80000,0x00000000eed00000)
 ParOldGen       total 42496K, used 17056K [0x00000000c0000000, 0x00000000c2980000, 0x00000000eaa80000)
  object space 42496K, 40% used [0x00000000c0000000,0x00000000c10a8308,0x00000000c2980000)
 PSPermGen       total 21504K, used 5932K [0x00000000bae00000, 0x00000000bc300000, 0x00000000c0000000)
  object space 21504K, 27% used [0x00000000bae00000,0x00000000bb3cb160,0x00000000bc300000)

Card table byte_map: [0x00000000057c0000,0x00000000059f0000] byte_map_base: 0x00000000051e9000

Polling page: 0x00000000001d0000

Code Cache  [0x00000000027c0000, 0x0000000002a30000, 0x00000000057c0000)
 total_blobs=532 nmethods=293 adapters=191 free_code_cache=47810Kb largest_free_block=48936960

Compilation events (10 events):
Event: 4.597 Thread 0x000000000a051000 nmethod 290 0x00000000028ed050 code [0x00000000028ed180, 0x00000000028ed1f8]
Event: 4.597 Thread 0x000000000a051000  291             java.util.ArrayList::subList (22 bytes)
Event: 4.598 Thread 0x000000000a051000 nmethod 291 0x00000000028ecc90 code [0x00000000028ecde0, 0x00000000028ecf18]
Event: 4.598 Thread 0x000000000a051000  292             com.android.dx.ssa.SsaBasicBlock::getDomChildren (5 bytes)
Event: 4.598 Thread 0x000000000a051000 nmethod 292 0x00000000028ab0d0 code [0x00000000028ab200, 0x00000000028ab258]
Event: 4.598 Thread 0x000000000a051000  293             com.android.dx.rop.code.CstInsn::getConstant (5 bytes)
Event: 4.599 Thread 0x000000000a051000 nmethod 293 0x00000000028cf750 code [0x00000000028cf880, 0x00000000028cf8d8]
Event: 4.599 Thread 0x000000000a051000  294             com.android.dx.cf.code.ByteOps::opInfo (6 bytes)
Event: 4.599 Thread 0x000000000a051000 nmethod 294 0x00000000028ec490 code [0x00000000028ec5c0, 0x00000000028ec618]
Event: 4.599 Thread 0x000000000a051000  295   !         com.android.dx.cf.code.BytecodeArray::parseInstruction (2764 bytes)

GC Heap History (8 events):
Event: 2.232 GC heap before
{Heap before GC invocations=1 (full 0):
 PSYoungGen      total 18944K, used 16384K [0x00000000eaa80000, 0x00000000ebf80000, 0x0000000100000000)
  eden space 16384K, 100% used [0x00000000eaa80000,0x00000000eba80000,0x00000000eba80000)
  from space 2560K, 0% used [0x00000000ebd00000,0x00000000ebd00000,0x00000000ebf80000)
  to   space 2560K, 0% used [0x00000000eba80000,0x00000000eba80000,0x00000000ebd00000)
 ParOldGen       total 42496K, used 0K [0x00000000c0000000, 0x00000000c2980000, 0x00000000eaa80000)
  object space 42496K, 0% used [0x00000000c0000000,0x00000000c0000000,0x00000000c2980000)
 PSPermGen       total 21504K, used 5582K [0x00000000bae00000, 0x00000000bc300000, 0x00000000c0000000)
  object space 21504K, 25% used [0x00000000bae00000,0x00000000bb373b10,0x00000000bc300000)
Event: 2.279 GC heap after
Heap after GC invocations=1 (full 0):
 PSYoungGen      total 18944K, used 2550K [0x00000000eaa80000, 0x00000000ecf80000, 0x0000000100000000)
  eden space 16384K, 0% used [0x00000000eaa80000,0x00000000eaa80000,0x00000000eba80000)
  from space 2560K, 99% used [0x00000000eba80000,0x00000000ebcfdb48,0x00000000ebd00000)
  to   space 2560K, 0% used [0x00000000ecd00000,0x00000000ecd00000,0x00000000ecf80000)
 ParOldGen       total 42496K, used 1682K [0x00000000c0000000, 0x00000000c2980000, 0x00000000eaa80000)
  object space 42496K, 3% used [0x00000000c0000000,0x00000000c01a4b30,0x00000000c2980000)
 PSPermGen       total 21504K, used 5582K [0x00000000bae00000, 0x00000000bc300000, 0x00000000c0000000)
  object space 21504K, 25% used [0x00000000bae00000,0x00000000bb373b10,0x00000000bc300000)
}
Event: 2.562 GC heap before
{Heap before GC invocations=2 (full 0):
 PSYoungGen      total 18944K, used 18934K [0x00000000eaa80000, 0x00000000ecf80000, 0x0000000100000000)
  eden space 16384K, 100% used [0x00000000eaa80000,0x00000000eba80000,0x00000000eba80000)
  from space 2560K, 99% used [0x00000000eba80000,0x00000000ebcfdb48,0x00000000ebd00000)
  to   space 2560K, 0% used [0x00000000ecd00000,0x00000000ecd00000,0x00000000ecf80000)
 ParOldGen       total 42496K, used 1682K [0x00000000c0000000, 0x00000000c2980000, 0x00000000eaa80000)
  object space 42496K, 3% used [0x00000000c0000000,0x00000000c01a4b30,0x00000000c2980000)
 PSPermGen       total 21504K, used 5778K [0x00000000bae00000, 0x00000000bc300000, 0x00000000c0000000)
  object space 21504K, 26% used [0x00000000bae00000,0x00000000bb3a4b28,0x00000000bc300000)
Event: 2.605 GC heap after
Heap after GC invocations=2 (full 0):
 PSYoungGen      total 35328K, used 2538K [0x00000000eaa80000, 0x00000000ecf80000, 0x0000000100000000)
  eden space 32768K, 0% used [0x00000000eaa80000,0x00000000eaa80000,0x00000000eca80000)
  from space 2560K, 99% used [0x00000000ecd00000,0x00000000ecf7a968,0x00000000ecf80000)
  to   space 2560K, 0% used [0x00000000eca80000,0x00000000eca80000,0x00000000ecd00000)
 ParOldGen       total 42496K, used 4510K [0x00000000c0000000, 0x00000000c2980000, 0x00000000eaa80000)
  object space 42496K, 10% used [0x00000000c0000000,0x00000000c0467bd8,0x00000000c2980000)
 PSPermGen       total 21504K, used 5778K [0x00000000bae00000, 0x00000000bc300000, 0x00000000c0000000)
  object space 21504K, 26% used [0x00000000bae00000,0x00000000bb3a4b28,0x00000000bc300000)
}
Event: 3.258 GC heap before
{Heap before GC invocations=3 (full 0):
 PSYoungGen      total 35328K, used 35306K [0x00000000eaa80000, 0x00000000ecf80000, 0x0000000100000000)
  eden space 32768K, 100% used [0x00000000eaa80000,0x00000000eca80000,0x00000000eca80000)
  from space 2560K, 99% used [0x00000000ecd00000,0x00000000ecf7a968,0x00000000ecf80000)
  to   space 2560K, 0% used [0x00000000eca80000,0x00000000eca80000,0x00000000ecd00000)
 ParOldGen       total 42496K, used 4510K [0x00000000c0000000, 0x00000000c2980000, 0x00000000eaa80000)
  object space 42496K, 10% used [0x00000000c0000000,0x00000000c0467bd8,0x00000000c2980000)
 PSPermGen       total 21504K, used 5891K [0x00000000bae00000, 0x00000000bc300000, 0x00000000c0000000)
  object space 21504K, 27% used [0x00000000bae00000,0x00000000bb3c0c08,0x00000000bc300000)
Event: 3.319 GC heap after
Heap after GC invocations=3 (full 0):
 PSYoungGen      total 35328K, used 2545K [0x00000000eaa80000, 0x00000000eef80000, 0x0000000100000000)
  eden space 32768K, 0% used [0x00000000eaa80000,0x00000000eaa80000,0x00000000eca80000)
  from space 2560K, 99% used [0x00000000eca80000,0x00000000eccfc4f0,0x00000000ecd00000)
  to   space 2560K, 0% used [0x00000000eed00000,0x00000000eed00000,0x00000000eef80000)
 ParOldGen       total 42496K, used 10965K [0x00000000c0000000, 0x00000000c2980000, 0x00000000eaa80000)
  object space 42496K, 25% used [0x00000000c0000000,0x00000000c0ab5518,0x00000000c2980000)
 PSPermGen       total 21504K, used 5891K [0x00000000bae00000, 0x00000000bc300000, 0x00000000c0000000)
  object space 21504K, 27% used [0x00000000bae00000,0x00000000bb3c0c08,0x00000000bc300000)
}
Event: 4.019 GC heap before
{Heap before GC invocations=4 (full 0):
 PSYoungGen      total 35328K, used 35313K [0x00000000eaa80000, 0x00000000eef80000, 0x0000000100000000)
  eden space 32768K, 100% used [0x00000000eaa80000,0x00000000eca80000,0x00000000eca80000)
  from space 2560K, 99% used [0x00000000eca80000,0x00000000eccfc4f0,0x00000000ecd00000)
  to   space 2560K, 0% used [0x00000000eed00000,0x00000000eed00000,0x00000000eef80000)
 ParOldGen       total 42496K, used 10965K [0x00000000c0000000, 0x00000000c2980000, 0x00000000eaa80000)
  object space 42496K, 25% used [0x00000000c0000000,0x00000000c0ab5518,0x00000000c2980000)
 PSPermGen       total 21504K, used 5911K [0x00000000bae00000, 0x00000000bc300000, 0x00000000c0000000)
  object space 21504K, 27% used [0x00000000bae00000,0x00000000bb3c5e40,0x00000000bc300000)
Event: 4.119 GC heap after
Heap after GC invocations=4 (full 0):
 PSYoungGen      total 68096K, used 2529K [0x00000000eaa80000, 0x00000000eef80000, 0x0000000100000000)
  eden space 65536K, 0% used [0x00000000eaa80000,0x00000000eaa80000,0x00000000eea80000)
  from space 2560K, 98% used [0x00000000eed00000,0x00000000eef784e0,0x00000000eef80000)
  to   space 2560K, 0% used [0x00000000eea80000,0x00000000eea80000,0x00000000eed00000)
 ParOldGen       total 42496K, used 17056K [0x00000000c0000000, 0x00000000c2980000, 0x00000000eaa80000)
  object space 42496K, 40% used [0x00000000c0000000,0x00000000c10a8308,0x00000000c2980000)
 PSPermGen       total 21504K, used 5911K [0x00000000bae00000, 0x00000000bc300000, 0x00000000c0000000)
  object space 21504K, 27% used [0x00000000bae00000,0x00000000bb3c5e40,0x00000000bc300000)
}

Deoptimization events (10 events):
Event: 2.339 Thread 0x000000000233f000 Uncommon trap: reason=class_check action=maybe_recompile pc=0x000000000284ea48 method=com.android.dx.rop.type.Type.equals(Ljava/lang/Object;)Z @ 8
Event: 2.339 Thread 0x000000000233f000 Uncommon trap: reason=class_check action=maybe_recompile pc=0x000000000284ea48 method=com.android.dx.rop.type.Type.equals(Ljava/lang/Object;)Z @ 8
Event: 2.729 Thread 0x000000000233f000 Uncommon trap: reason=unreached action=reinterpret pc=0x000000000285bec4 method=com.android.dx.rop.cst.Constant.compareTo(Lcom/android/dx/rop/cst/Constant;)I @ 12
Event: 2.756 Thread 0x000000000a2d7800 Uncommon trap: reason=null_check action=make_not_entrant pc=0x000000000288c4d0 method=com.android.dx.ssa.SsaRenamer.getLocalForNewReg(I)Lcom/android/dx/rop/code/LocalItem; @ 19
Event: 2.931 Thread 0x000000000a2d9000 Uncommon trap: reason=null_check action=make_not_entrant pc=0x0000000002851414 method=com.android.dx.rop.type.Type.equals(Ljava/lang/Object;)Z @ 8
Event: 3.624 Thread 0x000000000a2d9000 Uncommon trap: reason=class_check action=maybe_recompile pc=0x000000000289a6c4 method=java.util.HashMap.put(Ljava/lang/Object;Ljava/lang/Object;)Ljava/lang/Object; @ 83
Event: 3.624 Thread 0x000000000a2d9000 Uncommon trap: reason=class_check action=maybe_recompile pc=0x000000000289a6c4 method=java.util.HashMap.put(Ljava/lang/Object;Ljava/lang/Object;)Ljava/lang/Object; @ 83
Event: 3.749 Thread 0x000000000a36d000 Uncommon trap: reason=class_check action=maybe_recompile pc=0x000000000289a6c4 method=java.util.HashMap.put(Ljava/lang/Object;Ljava/lang/Object;)Ljava/lang/Object; @ 83
Event: 3.880 Thread 0x000000000a36d000 Uncommon trap: reason=class_check action=maybe_recompile pc=0x000000000289a6c4 method=java.util.HashMap.put(Ljava/lang/Object;Ljava/lang/Object;)Ljava/lang/Object; @ 83
Event: 3.932 Thread 0x000000000a2d7800 Uncommon trap: reason=null_check action=make_not_entrant pc=0x00000000028d7654 method=com.android.dx.cf.code.Ropper$CatchInfo.getSetup(Lcom/android/dx/rop/type/Type;)Lcom/android/dx/cf/code/Ropper$ExceptionHandlerSetup; @ 10

Internal exceptions (10 events):
Event: 2.663 Thread 0x000000000233f000 Threw 0x00000000eac6ea68 at C:\re\jdk7u55\869\hotspot\src\share\vm\prims\jvm.cpp:1244
Event: 2.663 Thread 0x000000000233f000 Threw 0x00000000eac70988 at C:\re\jdk7u55\869\hotspot\src\share\vm\prims\jvm.cpp:1244
Event: 2.664 Thread 0x000000000233f000 Threw 0x00000000eac7a650 at C:\re\jdk7u55\869\hotspot\src\share\vm\prims\jvm.cpp:1244
Event: 2.665 Thread 0x000000000233f000 Threw 0x00000000eac7c808 at C:\re\jdk7u55\869\hotspot\src\share\vm\prims\jvm.cpp:1244
Event: 2.666 Thread 0x000000000233f000 Threw 0x00000000eac879f0 at C:\re\jdk7u55\869\hotspot\src\share\vm\prims\jvm.cpp:1244
Event: 2.667 Thread 0x000000000233f000 Threw 0x00000000eac8f058 at C:\re\jdk7u55\869\hotspot\src\share\vm\prims\jvm.cpp:1244
Event: 2.756 Thread 0x000000000a2d7800 Implicit null exception at 0x000000000288ab82 to 0x000000000288c495
Event: 2.931 Thread 0x000000000a2d9000 Implicit null exception at 0x0000000002851312 to 0x0000000002851405
Event: 3.481 Thread 0x000000000a36d000 Threw 0x00000000eb031c48 at C:\re\jdk7u55\869\hotspot\src\share\vm\prims\jvm.cpp:1244
Event: 3.932 Thread 0x000000000a2d7800 Implicit null exception at 0x00000000028d3cec to 0x00000000028d760d

Events (10 events):
Event: 3.749 Thread 0x000000000a36d000 DEOPT UNPACKING pc=0x00000000027f75a4 sp=0x000000000b0fed68 mode 2
Event: 3.880 Thread 0x000000000a36d000 Uncommon trap: trap_request=0xffffffde fr.pc=0x000000000289a6c4
Event: 3.880 Thread 0x000000000a36d000 DEOPT PACKING pc=0x000000000289a6c4 sp=0x000000000b0fedc0
Event: 3.880 Thread 0x000000000a36d000 DEOPT UNPACKING pc=0x00000000027f75a4 sp=0x000000000b0fed68 mode 2
Event: 3.932 Thread 0x000000000a2d7800 Uncommon trap: trap_request=0xfffffff4 fr.pc=0x00000000028d7654
Event: 3.932 Thread 0x000000000a2d7800 DEOPT PACKING pc=0x00000000028d7654 sp=0x000000000b6de8e0
Event: 3.932 Thread 0x000000000a2d7800 DEOPT UNPACKING pc=0x00000000027f75a4 sp=0x000000000b6de838 mode 2
Event: 4.004 Executing VM operation: ParallelGCFailedAllocation
Event: 4.119 Executing VM operation: ParallelGCFailedAllocation done
Event: 4.487 Thread 0x00000000088c7000 flushing nmethod 0x000000000283f490


Dynamic libraries:
0x000000013fca0000 - 0x000000013fcd3000 	D:\Program Files\Java\jdk1.7.0_55\bin\java.exe
0x0000000076f90000 - 0x000000007713a000 	C:\windows\SYSTEM32\ntdll.dll
0x0000000076c30000 - 0x0000000076d4f000 	C:\windows\system32\kernel32.dll
0x000007fefcb60000 - 0x000007fefcbcb000 	C:\windows\system32\KERNELBASE.dll
0x000007fefd3d0000 - 0x000007fefd4ab000 	C:\windows\system32\ADVAPI32.dll
0x000007feff160000 - 0x000007feff1ff000 	C:\windows\system32\msvcrt.dll
0x000007fefd5b0000 - 0x000007fefd5cf000 	C:\windows\SYSTEM32\sechost.dll
0x000007feff030000 - 0x000007feff15d000 	C:\windows\system32\RPCRT4.dll
0x0000000076e90000 - 0x0000000076f8a000 	C:\windows\system32\USER32.dll
0x000007fefdde0000 - 0x000007fefde47000 	C:\windows\system32\GDI32.dll
0x000007fefd4b0000 - 0x000007fefd4be000 	C:\windows\system32\LPK.dll
0x000007fefd7c0000 - 0x000007fefd88a000 	C:\windows\system32\USP10.dll
0x000007fefb4f0000 - 0x000007fefb6e4000 	C:\windows\WinSxS\amd64_microsoft.windows.common-controls_6595b64144ccf1df_6.0.7601.18837_none_fa3b1e3d17594757\COMCTL32.dll
0x000007fefdd00000 - 0x000007fefdd71000 	C:\windows\system32\SHLWAPI.dll
0x000007fefd4c0000 - 0x000007fefd4ee000 	C:\windows\system32\IMM32.DLL
0x000007fefd6b0000 - 0x000007fefd7b9000 	C:\windows\system32\MSCTF.dll
0x000007fefc9e0000 - 0x000007fefca0f000 	C:\windows\system32\nvinitx.dll
0x000000000f000000 - 0x000000000f006000 	C:\Program Files\NVIDIA Corporation\CoProcManager\detoured.dll
0x000007fef9e40000 - 0x000007fef9e73000 	C:\Program Files\NVIDIA Corporation\CoProcManager\nvd3d9wrapx.dll
0x000007fefdb20000 - 0x000007fefdcf7000 	C:\windows\system32\SETUPAPI.dll
0x000007fefce90000 - 0x000007fefcec6000 	C:\windows\system32\CFGMGR32.dll
0x000007fefd5d0000 - 0x000007fefd6a8000 	C:\windows\system32\OLEAUT32.dll
0x000007fefcf40000 - 0x000007fefd143000 	C:\windows\system32\ole32.dll
0x000007fefcd00000 - 0x000007fefcd1a000 	C:\windows\system32\DEVOBJ.dll
0x000007fef9e10000 - 0x000007fef9e33000 	C:\Program Files\NVIDIA Corporation\CoProcManager\nvdxgiwrapx.dll
0x0000000068700000 - 0x00000000687d2000 	D:\Program Files\Java\jdk1.7.0_55\jre\bin\msvcr100.dll
0x0000000064840000 - 0x0000000065009000 	D:\Program Files\Java\jdk1.7.0_55\jre\bin\server\jvm.dll
0x000007fef5ec0000 - 0x000007fef5ec9000 	C:\windows\system32\WSOCK32.dll
0x000007fefd380000 - 0x000007fefd3cd000 	C:\windows\system32\WS2_32.dll
0x000007fefd4f0000 - 0x000007fefd4f8000 	C:\windows\system32\NSI.dll
0x000007fefcc90000 - 0x000007fefcccb000 	C:\windows\system32\WINMM.dll
0x0000000077150000 - 0x0000000077157000 	C:\windows\system32\PSAPI.DLL
0x000000006ad60000 - 0x000000006ad6f000 	D:\Program Files\Java\jdk1.7.0_55\jre\bin\verify.dll
0x000000006ab10000 - 0x000000006ab38000 	D:\Program Files\Java\jdk1.7.0_55\jre\bin\java.dll
0x000000006ad40000 - 0x000000006ad55000 	D:\Program Files\Java\jdk1.7.0_55\jre\bin\zip.dll
0x000000006aa80000 - 0x000000006aa99000 	D:\Program Files\Java\jdk1.7.0_55\jre\bin\net.dll
0x000007fefc250000 - 0x000007fefc2a5000 	C:\windows\system32\mswsock.dll
0x000007fefc240000 - 0x000007fefc247000 	C:\windows\System32\wship6.dll
0x000000006aa60000 - 0x000000006aa71000 	D:\Program Files\Java\jdk1.7.0_55\jre\bin\nio.dll

VM Arguments:
jvm_args: -Djava.awt.headless=true -Xmx1024M -Dfile.encoding=GBK -Duser.country=CN -Duser.language=zh -Duser.variant 
java_command: com.android.dx.command.Main --dex --num-threads=4 --output E:\AndroidStudioProjectCode\StrongBoxApp\app\build\intermediates\pre-dexed\debug\fastjson-1.2.8_168a854cf082fb224fcc22337df25944a6dfc909.jar C:\Users\Administrator\.gradle\caches\modules-2\files-2.1\com.alibaba\fastjson\1.2.8\aba3867820f46117ef0dfe760418b1bc0278894f\fastjson-1.2.8.jar
Launcher Type: SUN_STANDARD

Environment Variables:
JAVA_HOME=D:\Program Files\Java\jdk1.7.0_55
PATH=C:\Program Files (x86)\NVIDIA Corporation\PhysX\Common;C:\windows\system32;C:\windows;C:\windows\System32\Wbem;C:\windows\System32\WindowsPowerShell\v1.0\;D:\Program Files\Java\jdk1.7.0_55\bin;D:\Program Files\TortoiseSVN\bin;D:\Program Files\Cygwin\bin;C:\Program Files\Microsoft\Web Platform Installer\;C:\Program Files (x86)\Microsoft ASP.NET\ASP.NET Web Pages\v1.0\;C:\Program Files\Microsoft SQL Server\110\Tools\Binn\;D:\Program Files\apache-tomcat-7.0.53\bin;D:\Program Files\nodejs\;D:\Program Files\apache-ant-1.9.6\bin;D:\AndroidSDK\platform-tools;D:\AndroidSDK\tools;D:\Program Files\nodejs\node_global;D:\Program Files (x86)\MinGW\bin;D:\Program Files (x86)\CMake\bin;C:\Users\Administrator\AppData\Roaming\npm
USERNAME=HTT
OS=Windows_NT
PROCESSOR_IDENTIFIER=Intel64 Family 6 Model 60 Stepping 3, GenuineIntel



---------------  S Y S T E M  ---------------

OS: Windows 7 , 64 bit Build 7601 Service Pack 1

CPU:total 4 (2 cores per cpu, 2 threads per core) family 6 model 60 stepping 3, cmov, cx8, fxsr, mmx, sse, sse2, sse3, ssse3, sse4.1, sse4.2, popcnt, avx, avx2, aes, erms, ht, tsc, tscinvbit

Memory: 4k page, physical 4075668k(653096k free), swap 6240216k(489884k free)

vm_info: Java HotSpot(TM) 64-Bit Server VM (24.55-b03) for windows-amd64 JRE (1.7.0_55-b13), built on Mar 17 2014 19:45:30 by "java_re" with unknown MS VC++:1600

time: Thu Mar 31 21:36:10 2016
elapsed time: 4 seconds

