#
# A fatal error has been detected by the Java Runtime Environment:
#
#  EXCEPTION_ACCESS_VIOLATION (0xc0000005) at pc=0x0000000064c8b19e, pid=8336, tid=7984
#
# JRE version: Java(TM) SE Runtime Environment (7.0_55-b13) (build 1.7.0_55-b13)
# Java VM: Java HotSpot(TM) 64-Bit Server VM (24.55-b03 mixed mode windows-amd64 compressed oops)
# Problematic frame:
# V  [jvm.dll+0x44b19e]
#
# Failed to write core dump. Minidumps are not enabled by default on client versions of Windows
#
# If you would like to submit a bug report, please visit:
#   http://bugreport.sun.com/bugreport/crash.jsp
#

---------------  T H R E A D  ---------------

Current thread (0x00000000087a5800):  JavaThread "C2 CompilerThread0" daemon [_thread_in_native, id=7984, stack(0x000000000a0c0000,0x000000000a1c0000)]

siginfo: ExceptionCode=0xc0000005, reading address 0x000000008b68edf4

Registers:
RAX=0x000000000bd7f190, RBX=0x000000000a8d7020, RCX=0x0000000000000c1e, RDX=0x0000000000000c1e
RSP=0x000000000a1bb9d0, RBP=0x000000000a1bba10, RSI=0x000000000b6967f0, RDI=0x000000000b6967b8
R8 =0x000000008b68edc8, R9 =0x000000000b1e48a8, R10=0x000000000c472400, R11=0x000000000000005e
R12=0x000000000a8d7020, R13=0x000000000b6967b8, R14=0x000000000a1bbf10, R15=0x000000000a8d5f08
RIP=0x0000000064c8b19e, EFLAGS=0x0000000000010206

Top of Stack: (sp=0x000000000a1bb9d0)
0x000000000a1bb9d0:   000000000c062b90 000000000a1bba10
0x000000000a1bb9e0:   000000000b6967f0 000000000b1e48a8
0x000000000a1bb9f0:   00000000087a4e90 0000000000002000
0x000000000a1bba00:   000000000bd7f190 0000000000000c1e
0x000000000a1bba10:   000000000a1bbb48 000000000a1bbb28
0x000000000a1bba20:   000000000b1e48a8 000000000a1bbb98
0x000000000a1bba30:   000000000a1bbbf0 0000000064c8b434
0x000000000a1bba40:   000000000a1bbf10 000000000b1e48a8
0x000000000a1bba50:   000000000a8d5f08 000000000b1e48a8
0x000000000a1bba60:   000000000b1e4918 0000000000000001
0x000000000a1bba70:   000000000b1e4b60 0000000064c8ca09
0x000000000a1bba80:   000000000a1bbbf0 000000000000000d
0x000000000a1bba90:   000000000a1bbb98 0000000000000002
0x000000000a1bbaa0:   000000000a1bc8d0 0000000064cbd8b0
0x000000000a1bbab0:   000000000bf74eb0 00000000087a4e90
0x000000000a1bbac0:   000000000a58c060 000000000a1bbbf0 

Instructions: (pc=0x0000000064c8b19e)
0x0000000064c8b17e:   85 d2 0f 84 19 01 00 00 4d 3b e7 0f 84 10 01 00
0x0000000064c8b18e:   00 48 8b 45 f0 ff ca 89 55 f8 4c 8b 04 d0 8b ca
0x0000000064c8b19e:   41 0f b7 48 2c 0f b6 c1 24 3f 3c 30 0f 84 e7 00
0x0000000064c8b1ae:   00 00 80 f9 80 75 4e 49 8b 78 10 41 8b 40 20 4c 


Register to memory mapping:

RAX=0x000000000bd7f190 is an unknown value
RBX=0x000000000a8d7020 is an unknown value
RCX=0x0000000000000c1e is an unknown value
RDX=0x0000000000000c1e is an unknown value
RSP=0x000000000a1bb9d0 is pointing into the stack for thread: 0x00000000087a5800
RBP=0x000000000a1bba10 is pointing into the stack for thread: 0x00000000087a5800
RSI=0x000000000b6967f0 is an unknown value
RDI=0x000000000b6967b8 is an unknown value
R8 =0x000000008b68edc8 is an unknown value
R9 =0x000000000b1e48a8 is an unknown value
R10=0x000000000c472400 is an unknown value
R11=0x000000000000005e is an unknown value
R12=0x000000000a8d7020 is an unknown value
R13=0x000000000b6967b8 is an unknown value
R14=0x000000000a1bbf10 is pointing into the stack for thread: 0x00000000087a5800
R15=0x000000000a8d5f08 is an unknown value


Stack: [0x000000000a0c0000,0x000000000a1c0000],  sp=0x000000000a1bb9d0,  free space=1006k
Native frames: (J=compiled Java code, j=interpreted, Vv=VM code, C=native code)
V  [jvm.dll+0x44b19e]
C  0x000000000a1bbb28


Current CompileTask:
C2:   4151  186             com.android.dx.ssa.SCCP::run (298 bytes)


---------------  P R O C E S S  ---------------

Java Threads: ( => current thread )
  0x000000000a7ac800 JavaThread "pool-1-thread-4" [_thread_blocked, id=7520, stack(0x000000000ae70000,0x000000000af70000)]
  0x000000000a7ac000 JavaThread "pool-1-thread-3" [_thread_in_Java, id=4336, stack(0x000000000ad20000,0x000000000ae20000)]
  0x000000000a7aa000 JavaThread "pool-1-thread-2" [_thread_in_Java, id=8984, stack(0x0000000009990000,0x0000000009a90000)]
  0x000000000a720800 JavaThread "pool-2-thread-1" [_thread_blocked, id=8884, stack(0x000000000ab80000,0x000000000ac80000)]
  0x000000000a6f1000 JavaThread "pool-1-thread-1" [_thread_blocked, id=5864, stack(0x000000000aa20000,0x000000000ab20000)]
  0x00000000087a8000 JavaThread "Service Thread" daemon [_thread_blocked, id=8412, stack(0x0000000009bf0000,0x0000000009cf0000)]
  0x00000000087a7000 JavaThread "C2 CompilerThread1" daemon [_thread_in_native, id=7600, stack(0x000000000a290000,0x000000000a390000)]
=>0x00000000087a5800 JavaThread "C2 CompilerThread0" daemon [_thread_in_native, id=7984, stack(0x000000000a0c0000,0x000000000a1c0000)]
  0x00000000087a4800 JavaThread "Attach Listener" daemon [_thread_blocked, id=6196, stack(0x0000000009ee0000,0x0000000009fe0000)]
  0x000000000879d800 JavaThread "Signal Dispatcher" daemon [_thread_blocked, id=7260, stack(0x0000000009d60000,0x0000000009e60000)]
  0x0000000008732800 JavaThread "Finalizer" daemon [_thread_blocked, id=2372, stack(0x0000000009ad0000,0x0000000009bd0000)]
  0x000000000872f800 JavaThread "Reference Handler" daemon [_thread_blocked, id=2368, stack(0x0000000009890000,0x0000000009990000)]
  0x00000000002af000 JavaThread "main" [_thread_blocked, id=2120, stack(0x0000000002710000,0x0000000002810000)]

Other Threads:
  0x000000000872c000 VMThread [stack: 0x0000000009750000,0x0000000009850000] [id=8808]
  0x00000000087a9000 WatcherThread [stack: 0x000000000a460000,0x000000000a560000] [id=7628]

VM state:not at safepoint (normal execution)

VM Mutex/Monitor currently owned by a thread: None

Heap
 PSYoungGen      total 35328K, used 8873K [0x00000000eaa80000, 0x00000000ecf80000, 0x0000000100000000)
  eden space 32768K, 19% used [0x00000000eaa80000,0x00000000eb0ac490,0x00000000eca80000)
  from space 2560K, 99% used [0x00000000ecd00000,0x00000000ecf7e038,0x00000000ecf80000)
  to   space 2560K, 0% used [0x00000000eca80000,0x00000000eca80000,0x00000000ecd00000)
 ParOldGen       total 42496K, used 4924K [0x00000000c0000000, 0x00000000c2980000, 0x00000000eaa80000)
  object space 42496K, 11% used [0x00000000c0000000,0x00000000c04cf230,0x00000000c2980000)
 PSPermGen       total 21504K, used 5789K [0x00000000bae00000, 0x00000000bc300000, 0x00000000c0000000)
  object space 21504K, 26% used [0x00000000bae00000,0x00000000bb3a7418,0x00000000bc300000)

Card table byte_map: [0x0000000005810000,0x0000000005a40000] byte_map_base: 0x0000000005239000

Polling page: 0x0000000000130000

Code Cache  [0x0000000002810000, 0x0000000002a80000, 0x0000000005810000)
 total_blobs=442 nmethods=203 adapters=191 free_code_cache=48289Kb largest_free_block=49404800

Compilation events (10 events):
Event: 3.823 Thread 0x00000000087a7000 nmethod 198 0x00000000028e1c90 code [0x00000000028e1e00, 0x00000000028e23d8]
Event: 3.823 Thread 0x00000000087a7000  199             com.android.dx.rop.code.PlainInsn::<init> (73 bytes)
Event: 3.825 Thread 0x00000000087a7000 nmethod 199 0x00000000028d8b50 code [0x00000000028d8ca0, 0x00000000028d8dd8]
Event: 3.825 Thread 0x00000000087a7000  200             com.android.dx.util.IntList::indexOf (16 bytes)
Event: 3.827 Thread 0x00000000087a7000 nmethod 200 0x00000000028d8690 code [0x00000000028d87e0, 0x00000000028d8998]
Event: 3.827 Thread 0x00000000087a7000  201   !         com.android.dx.cf.code.Ropper::processBlock (1101 bytes)
Event: 4.094 Thread 0x00000000087a7000 nmethod 201 0x00000000028e8f90 code [0x00000000028e94a0, 0x00000000028ecb18]
Event: 4.094 Thread 0x00000000087a7000  202             com.android.dx.cf.code.Frame::getStack (5 bytes)
Event: 4.095 Thread 0x00000000087a7000 nmethod 202 0x00000000028d6a10 code [0x00000000028d6b40, 0x00000000028d6b98]
Event: 4.095 Thread 0x00000000087a7000  203             com.android.dx.ssa.SsaBasicBlock::newFromRop (183 bytes)

GC Heap History (4 events):
Event: 2.780 GC heap before
{Heap before GC invocations=1 (full 0):
 PSYoungGen      total 18944K, used 16384K [0x00000000eaa80000, 0x00000000ebf80000, 0x0000000100000000)
  eden space 16384K, 100% used [0x00000000eaa80000,0x00000000eba80000,0x00000000eba80000)
  from space 2560K, 0% used [0x00000000ebd00000,0x00000000ebd00000,0x00000000ebf80000)
  to   space 2560K, 0% used [0x00000000eba80000,0x00000000eba80000,0x00000000ebd00000)
 ParOldGen       total 42496K, used 0K [0x00000000c0000000, 0x00000000c2980000, 0x00000000eaa80000)
  object space 42496K, 0% used [0x00000000c0000000,0x00000000c0000000,0x00000000c2980000)
 PSPermGen       total 21504K, used 5581K [0x00000000bae00000, 0x00000000bc300000, 0x00000000c0000000)
  object space 21504K, 25% used [0x00000000bae00000,0x00000000bb3736f8,0x00000000bc300000)
Event: 2.863 GC heap after
Heap after GC invocations=1 (full 0):
 PSYoungGen      total 18944K, used 2530K [0x00000000eaa80000, 0x00000000ecf80000, 0x0000000100000000)
  eden space 16384K, 0% used [0x00000000eaa80000,0x00000000eaa80000,0x00000000eba80000)
  from space 2560K, 98% used [0x00000000eba80000,0x00000000ebcf8ab8,0x00000000ebd00000)
  to   space 2560K, 0% used [0x00000000ecd00000,0x00000000ecd00000,0x00000000ecf80000)
 ParOldGen       total 42496K, used 1666K [0x00000000c0000000, 0x00000000c2980000, 0x00000000eaa80000)
  object space 42496K, 3% used [0x00000000c0000000,0x00000000c01a0880,0x00000000c2980000)
 PSPermGen       total 21504K, used 5581K [0x00000000bae00000, 0x00000000bc300000, 0x00000000c0000000)
  object space 21504K, 25% used [0x00000000bae00000,0x00000000bb3736f8,0x00000000bc300000)
}
Event: 3.644 GC heap before
{Heap before GC invocations=2 (full 0):
 PSYoungGen      total 18944K, used 18914K [0x00000000eaa80000, 0x00000000ecf80000, 0x0000000100000000)
  eden space 16384K, 100% used [0x00000000eaa80000,0x00000000eba80000,0x00000000eba80000)
  from space 2560K, 98% used [0x00000000eba80000,0x00000000ebcf8ab8,0x00000000ebd00000)
  to   space 2560K, 0% used [0x00000000ecd00000,0x00000000ecd00000,0x00000000ecf80000)
 ParOldGen       total 42496K, used 1666K [0x00000000c0000000, 0x00000000c2980000, 0x00000000eaa80000)
  object space 42496K, 3% used [0x00000000c0000000,0x00000000c01a0880,0x00000000c2980000)
 PSPermGen       total 21504K, used 5778K [0x00000000bae00000, 0x00000000bc300000, 0x00000000c0000000)
  object space 21504K, 26% used [0x00000000bae00000,0x00000000bb3a48f0,0x00000000bc300000)
Event: 3.766 GC heap after
Heap after GC invocations=2 (full 0):
 PSYoungGen      total 35328K, used 2552K [0x00000000eaa80000, 0x00000000ecf80000, 0x0000000100000000)
  eden space 32768K, 0% used [0x00000000eaa80000,0x00000000eaa80000,0x00000000eca80000)
  from space 2560K, 99% used [0x00000000ecd00000,0x00000000ecf7e038,0x00000000ecf80000)
  to   space 2560K, 0% used [0x00000000eca80000,0x00000000eca80000,0x00000000ecd00000)
 ParOldGen       total 42496K, used 4924K [0x00000000c0000000, 0x00000000c2980000, 0x00000000eaa80000)
  object space 42496K, 11% used [0x00000000c0000000,0x00000000c04cf230,0x00000000c2980000)
 PSPermGen       total 21504K, used 5778K [0x00000000bae00000, 0x00000000bc300000, 0x00000000c0000000)
  object space 21504K, 26% used [0x00000000bae00000,0x00000000bb3a48f0,0x00000000bc300000)
}

Deoptimization events (3 events):
Event: 2.538 Thread 0x000000000a6f1000 Uncommon trap: reason=class_check action=maybe_recompile pc=0x00000000028893ac method=com.android.dx.ssa.NormalSsaInsn.accept(Lcom/android/dx/ssa/SsaInsn$Visitor;)V @ 9
Event: 3.815 Thread 0x00000000002af000 Uncommon trap: reason=unreached action=reinterpret pc=0x00000000028b12cc method=com.android.dx.rop.code.RegisterSpec.intersect(Lcom/android/dx/rop/code/RegisterSpec;Z)Lcom/android/dx/rop/code/RegisterSpec; @ 8
Event: 3.823 Thread 0x00000000002af000 Uncommon trap: reason=null_check action=make_not_entrant pc=0x00000000028d2724 method=com.android.dx.ssa.SsaRenamer.getLocalForNewReg(I)Lcom/android/dx/rop/code/LocalItem; @ 19

Internal exceptions (10 events):
Event: 2.417 Thread 0x00000000002af000 Threw 0x00000000eb575e80 at C:\re\jdk7u55\869\hotspot\src\share\vm\prims\jvm.cpp:1244
Event: 2.417 Thread 0x00000000002af000 Threw 0x00000000eb57a2a0 at C:\re\jdk7u55\869\hotspot\src\share\vm\prims\jvm.cpp:1244
Event: 2.418 Thread 0x00000000002af000 Threw 0x00000000eb5bda90 at C:\re\jdk7u55\869\hotspot\src\share\vm\prims\jvm.cpp:1244
Event: 2.419 Thread 0x000000000a6f1000 Threw 0x00000000eb1e19e0 at C:\re\jdk7u55\869\hotspot\src\share\vm\prims\jvm.cpp:1244
Event: 2.421 Thread 0x00000000002af000 Threw 0x00000000eb5ca138 at C:\re\jdk7u55\869\hotspot\src\share\vm\prims\jvm.cpp:1244
Event: 2.421 Thread 0x00000000002af000 Threw 0x00000000eb5d0110 at C:\re\jdk7u55\869\hotspot\src\share\vm\prims\jvm.cpp:1244
Event: 2.422 Thread 0x00000000002af000 Threw 0x00000000eb5d47b0 at C:\re\jdk7u55\869\hotspot\src\share\vm\prims\jvm.cpp:1244
Event: 2.444 Thread 0x000000000a7ac800 Threw 0x00000000eb40a4e8 at C:\re\jdk7u55\869\hotspot\src\share\vm\prims\jvm.cpp:1244
Event: 2.534 Thread 0x00000000002af000 Threw 0x00000000eb80c890 at C:\re\jdk7u55\869\hotspot\src\share\vm\prims\jvm.cpp:1244
Event: 3.823 Thread 0x00000000002af000 Implicit null exception at 0x00000000028d1370 to 0x00000000028d26f5

Events (10 events):
Event: 3.046 loading class 0x00000000024e2230
Event: 3.046 loading class 0x00000000024e2230 done
Event: 3.644 Executing VM operation: ParallelGCFailedAllocation
Event: 3.766 Executing VM operation: ParallelGCFailedAllocation done
Event: 3.815 Thread 0x00000000002af000 Uncommon trap: trap_request=0xffffffad fr.pc=0x00000000028b12cc
Event: 3.815 Thread 0x00000000002af000 DEOPT PACKING pc=0x00000000028b12cc sp=0x000000000280e2f0
Event: 3.815 Thread 0x00000000002af000 DEOPT UNPACKING pc=0x00000000028475a4 sp=0x000000000280e1e0 mode 2
Event: 3.823 Thread 0x00000000002af000 Uncommon trap: trap_request=0xfffffff4 fr.pc=0x00000000028d2724
Event: 3.823 Thread 0x00000000002af000 DEOPT PACKING pc=0x00000000028d2724 sp=0x000000000280e290
Event: 3.823 Thread 0x00000000002af000 DEOPT UNPACKING pc=0x00000000028475a4 sp=0x000000000280e028 mode 2


Dynamic libraries:
0x000000013fca0000 - 0x000000013fcd3000 	D:\Program Files\Java\jdk1.7.0_55\bin\java.exe
0x0000000076f90000 - 0x000000007713a000 	C:\windows\SYSTEM32\ntdll.dll
0x0000000076c30000 - 0x0000000076d4f000 	C:\windows\system32\kernel32.dll
0x000007fefcb60000 - 0x000007fefcbcb000 	C:\windows\system32\KERNELBASE.dll
0x000007fefd3d0000 - 0x000007fefd4ab000 	C:\windows\system32\ADVAPI32.dll
0x000007feff160000 - 0x000007feff1ff000 	C:\windows\system32\msvcrt.dll
0x000007fefd5b0000 - 0x000007fefd5cf000 	C:\windows\SYSTEM32\sechost.dll
0x000007feff030000 - 0x000007feff15d000 	C:\windows\system32\RPCRT4.dll
0x0000000076e90000 - 0x0000000076f8a000 	C:\windows\system32\USER32.dll
0x000007fefdde0000 - 0x000007fefde47000 	C:\windows\system32\GDI32.dll
0x000007fefd4b0000 - 0x000007fefd4be000 	C:\windows\system32\LPK.dll
0x000007fefd7c0000 - 0x000007fefd88a000 	C:\windows\system32\USP10.dll
0x000007fefb4f0000 - 0x000007fefb6e4000 	C:\windows\WinSxS\amd64_microsoft.windows.common-controls_6595b64144ccf1df_6.0.7601.18837_none_fa3b1e3d17594757\COMCTL32.dll
0x000007fefdd00000 - 0x000007fefdd71000 	C:\windows\system32\SHLWAPI.dll
0x000007fefd4c0000 - 0x000007fefd4ee000 	C:\windows\system32\IMM32.DLL
0x000007fefd6b0000 - 0x000007fefd7b9000 	C:\windows\system32\MSCTF.dll
0x000007fefc9e0000 - 0x000007fefca0f000 	C:\windows\system32\nvinitx.dll
0x000000000f000000 - 0x000000000f006000 	C:\Program Files\NVIDIA Corporation\CoProcManager\detoured.dll
0x000007fef9e40000 - 0x000007fef9e73000 	C:\Program Files\NVIDIA Corporation\CoProcManager\nvd3d9wrapx.dll
0x000007fefdb20000 - 0x000007fefdcf7000 	C:\windows\system32\SETUPAPI.dll
0x000007fefce90000 - 0x000007fefcec6000 	C:\windows\system32\CFGMGR32.dll
0x000007fefd5d0000 - 0x000007fefd6a8000 	C:\windows\system32\OLEAUT32.dll
0x000007fefcf40000 - 0x000007fefd143000 	C:\windows\system32\ole32.dll
0x000007fefcd00000 - 0x000007fefcd1a000 	C:\windows\system32\DEVOBJ.dll
0x000007fef9e10000 - 0x000007fef9e33000 	C:\Program Files\NVIDIA Corporation\CoProcManager\nvdxgiwrapx.dll
0x0000000068700000 - 0x00000000687d2000 	D:\Program Files\Java\jdk1.7.0_55\jre\bin\msvcr100.dll
0x0000000064840000 - 0x0000000065009000 	D:\Program Files\Java\jdk1.7.0_55\jre\bin\server\jvm.dll
0x000007fef5ec0000 - 0x000007fef5ec9000 	C:\windows\system32\WSOCK32.dll
0x000007fefd380000 - 0x000007fefd3cd000 	C:\windows\system32\WS2_32.dll
0x000007fefd4f0000 - 0x000007fefd4f8000 	C:\windows\system32\NSI.dll
0x000007fefcc90000 - 0x000007fefcccb000 	C:\windows\system32\WINMM.dll
0x0000000077150000 - 0x0000000077157000 	C:\windows\system32\PSAPI.DLL
0x000000006ad60000 - 0x000000006ad6f000 	D:\Program Files\Java\jdk1.7.0_55\jre\bin\verify.dll
0x000000006ab10000 - 0x000000006ab38000 	D:\Program Files\Java\jdk1.7.0_55\jre\bin\java.dll
0x000000006ad40000 - 0x000000006ad55000 	D:\Program Files\Java\jdk1.7.0_55\jre\bin\zip.dll
0x000000006aa80000 - 0x000000006aa99000 	D:\Program Files\Java\jdk1.7.0_55\jre\bin\net.dll
0x000007fefc250000 - 0x000007fefc2a5000 	C:\windows\system32\mswsock.dll
0x000007fefc240000 - 0x000007fefc247000 	C:\windows\System32\wship6.dll
0x000000006aa60000 - 0x000000006aa71000 	D:\Program Files\Java\jdk1.7.0_55\jre\bin\nio.dll
0x000007feef340000 - 0x000007feef465000 	C:\windows\system32\dbghelp.dll

VM Arguments:
jvm_args: -Djava.awt.headless=true -Xmx1024M -Dfile.encoding=GBK -Duser.country=CN -Duser.language=zh -Duser.variant 
java_command: com.android.dx.command.Main --dex --num-threads=4 --output E:\AndroidStudioProjectCode\StrongBoxApp\app\build\intermediates\pre-dexed\debug\okhttp-3.2.0_e97c4d684058659f4c78fd063d89ce0d8b400297.jar C:\Users\Administrator\.gradle\caches\modules-2\files-2.1\com.squareup.okhttp3\okhttp\3.2.0\f7873a2ebde246a45c2a8d6f3247108b4c88a879\okhttp-3.2.0.jar
Launcher Type: SUN_STANDARD

Environment Variables:
JAVA_HOME=D:\Program Files\Java\jdk1.7.0_55
PATH=C:\Program Files (x86)\NVIDIA Corporation\PhysX\Common;C:\windows\system32;C:\windows;C:\windows\System32\Wbem;C:\windows\System32\WindowsPowerShell\v1.0\;D:\Program Files\Java\jdk1.7.0_55\bin;D:\Program Files\TortoiseSVN\bin;D:\Program Files\Cygwin\bin;C:\Program Files\Microsoft\Web Platform Installer\;C:\Program Files (x86)\Microsoft ASP.NET\ASP.NET Web Pages\v1.0\;C:\Program Files\Microsoft SQL Server\110\Tools\Binn\;D:\Program Files\apache-tomcat-7.0.53\bin;D:\Program Files\nodejs\;D:\Program Files\apache-ant-1.9.6\bin;D:\AndroidSDK\platform-tools;D:\AndroidSDK\tools;D:\Program Files\nodejs\node_global;D:\Program Files (x86)\MinGW\bin;D:\Program Files (x86)\CMake\bin;C:\Users\Administrator\AppData\Roaming\npm
USERNAME=HTT
OS=Windows_NT
PROCESSOR_IDENTIFIER=Intel64 Family 6 Model 60 Stepping 3, GenuineIntel



---------------  S Y S T E M  ---------------

OS: Windows 7 , 64 bit Build 7601 Service Pack 1

CPU:total 4 (2 cores per cpu, 2 threads per core) family 6 model 60 stepping 3, cmov, cx8, fxsr, mmx, sse, sse2, sse3, ssse3, sse4.1, sse4.2, popcnt, avx, avx2, aes, erms, ht, tsc, tscinvbit

Memory: 4k page, physical 4075668k(801388k free), swap 6836152k(542860k free)

vm_info: Java HotSpot(TM) 64-Bit Server VM (24.55-b03) for windows-amd64 JRE (1.7.0_55-b13), built on Mar 17 2014 19:45:30 by "java_re" with unknown MS VC++:1600

time: Thu Mar 31 21:42:26 2016
elapsed time: 4 seconds

