#
# A fatal error has been detected by the Java Runtime Environment:
#
#  EXCEPTION_ACCESS_VIOLATION (0xc0000005) at pc=0x0000000064d10ffc, pid=6636, tid=8504
#
# JRE version: Java(TM) SE Runtime Environment (7.0_55-b13) (build 1.7.0_55-b13)
# Java VM: Java HotSpot(TM) 64-Bit Server VM (24.55-b03 mixed mode windows-amd64 compressed oops)
# Problematic frame:
# V  [jvm.dll+0x4d0ffc]
#
# Failed to write core dump. Minidumps are not enabled by default on client versions of Windows
#
# If you would like to submit a bug report, please visit:
#   http://bugreport.sun.com/bugreport/crash.jsp
#

---------------  T H R E A D  ---------------

Current thread (0x00000000089a3800):  JavaThread "C2 CompilerThread0" daemon [_thread_in_native, id=8504, stack(0x000000000a180000,0x000000000a280000)]

siginfo: ExceptionCode=0xc0000005, reading address 0x00000000e4e32248

Registers:
RAX=0x00000000e4e32198, RBX=0x000000000a27f3c8, RCX=0x000000000c766280, RDX=0x000000000a27f3c8
RSP=0x000000000a27c590, RBP=0x000000000a27c6f0, RSI=0x000000000a27ec20, RDI=0x000000000c766218
R8 =0x000000000a27c920, R9 =0x00000000ffffef12, R10=0x000000000b93d804, R11=0x0000000064dabb50
R12=0x000000000000040b, R13=0x000000000c766218, R14=0x0000000000000000, R15=0x000000000c766218
RIP=0x0000000064d10ffc, EFLAGS=0x0000000000010202

Top of Stack: (sp=0x000000000a27c590)
0x000000000a27c590:   000000000000000a 000000000a27c920
0x000000000a27c5a0:   000000000c7662d8 0000000064da69a8
0x000000000a27c5b0:   0000000064dabb50 000000000a27f420
0x000000000a27c5c0:   0000000002a4f020 0000000002a55480
0x000000000a27c5d0:   0000000002a5440e 000000000899cf00
0x000000000a27c5e0:   000000000a27f3c8 0000000064cc3450
0x000000000a27c5f0:   00000000ffffef18 000000000a27c6f0
0x000000000a27c600:   000000000a27ec20 000000000a27f3c8
0x000000000a27c610:   000000000b93fc50 000000000ba82940
0x000000000a27c620:   00000000006247d8 000000000b93f650
0x000000000a27c630:   000000000a27c920 000000000ba82940
0x000000000a27c640:   0000000000000004 000000000c766218
0x000000000a27c650:   0000000500000001 ffffffff0000057a
0x000000000a27c660:   0000000000000004 0000000000004524
0x000000000a27c670:   000000000a27ec20 0000000000000000
0x000000000a27c680:   0000000000000000 000053e30000002f 

Instructions: (pc=0x0000000064d10ffc)
0x0000000064d10fdc:   48 8d 4c 24 20 48 8b d3 e8 47 cc b4 ff 48 8b 4f
0x0000000064d10fec:   60 4c 8d 1d 5c ab 09 00 4c 89 5c 24 20 48 8b 01
0x0000000064d10ffc:   ff 90 b0 00 00 00 48 8b 4f 50 48 8b 11 48 8b d8
0x0000000064d1100c:   ff 52 60 48 8d 4c 24 20 45 33 c9 8b d0 4c 8b c3 


Register to memory mapping:

RAX=0x00000000e4e32198 is an unallocated location in the heap
RBX=0x000000000a27f3c8 is pointing into the stack for thread: 0x00000000089a3800
RCX=0x000000000c766280 is an unknown value
RDX=0x000000000a27f3c8 is pointing into the stack for thread: 0x00000000089a3800
RSP=0x000000000a27c590 is pointing into the stack for thread: 0x00000000089a3800
RBP=0x000000000a27c6f0 is pointing into the stack for thread: 0x00000000089a3800
RSI=0x000000000a27ec20 is pointing into the stack for thread: 0x00000000089a3800
RDI=0x000000000c766218 is an unknown value
R8 =0x000000000a27c920 is pointing into the stack for thread: 0x00000000089a3800
R9 =0x00000000ffffef12 is an unallocated location in the heap
R10=0x000000000b93d804 is an unknown value
R11=0x0000000064dabb50 is an unknown value
R12=0x000000000000040b is an unknown value
R13=0x000000000c766218 is an unknown value
R14=0x0000000000000000 is an unknown value
R15=0x000000000c766218 is an unknown value


Stack: [0x000000000a180000,0x000000000a280000],  sp=0x000000000a27c590,  free space=1009k
Native frames: (J=compiled Java code, j=interpreted, Vv=VM code, C=native code)
V  [jvm.dll+0x4d0ffc]
v  ~BufferBlob::Compile::Fill_buffer


Current CompileTask:
C2:  15963  690   !         com.android.dx.cf.code.BytecodeArray::parseInstruction (2764 bytes)


---------------  P R O C E S S  ---------------

Java Threads: ( => current thread )
  0x000000000a798000 JavaThread "pool-1-thread-4" [_thread_blocked, id=2320, stack(0x000000000b1c0000,0x000000000b2c0000)]
  0x000000000a797800 JavaThread "pool-1-thread-3" [_thread_blocked, id=8136, stack(0x000000000b010000,0x000000000b110000)]
  0x000000000a5aa800 JavaThread "pool-1-thread-2" [_thread_blocked, id=8464, stack(0x000000000ae50000,0x000000000af50000)]
  0x000000000a5aa000 JavaThread "pool-2-thread-1" [_thread_blocked, id=7980, stack(0x000000000ac60000,0x000000000ad60000)]
  0x000000000a5a8000 JavaThread "pool-1-thread-1" [_thread_in_Java, id=8448, stack(0x000000000aae0000,0x000000000abe0000)]
  0x00000000089a6000 JavaThread "Service Thread" daemon [_thread_blocked, id=4396, stack(0x0000000009ce0000,0x0000000009de0000)]
  0x00000000089a5800 JavaThread "C2 CompilerThread1" daemon [_thread_blocked, id=8580, stack(0x000000000a2b0000,0x000000000a3b0000)]
=>0x00000000089a3800 JavaThread "C2 CompilerThread0" daemon [_thread_in_native, id=8504, stack(0x000000000a180000,0x000000000a280000)]
  0x00000000089a2800 JavaThread "Attach Listener" daemon [_thread_blocked, id=2580, stack(0x0000000009fc0000,0x000000000a0c0000)]
  0x000000000899b800 JavaThread "Signal Dispatcher" daemon [_thread_blocked, id=9148, stack(0x0000000009e40000,0x0000000009f40000)]
  0x000000000892f800 JavaThread "Finalizer" daemon [_thread_blocked, id=8732, stack(0x0000000009bc0000,0x0000000009cc0000)]
  0x000000000892c000 JavaThread "Reference Handler" daemon [_thread_blocked, id=8664, stack(0x0000000009a00000,0x0000000009b00000)]
  0x000000000248f000 JavaThread "main" [_thread_blocked, id=5828, stack(0x00000000026a0000,0x00000000027a0000)]

Other Threads:
  0x0000000008928800 VMThread [stack: 0x00000000098b0000,0x00000000099b0000] [id=9132]
  0x00000000089a8000 WatcherThread [stack: 0x000000000a3e0000,0x000000000a4e0000] [id=9156]

VM state:not at safepoint (normal execution)

VM Mutex/Monitor currently owned by a thread: None

Heap
 PSYoungGen      total 146432K, used 14008K [0x00000000eaa80000, 0x00000000fde80000, 0x0000000100000000)
  eden space 128512K, 2% used [0x00000000eaa80000,0x00000000ead50188,0x00000000f2800000)
  from space 17920K, 62% used [0x00000000f2800000,0x00000000f32ddfe8,0x00000000f3980000)
  to   space 29184K, 0% used [0x00000000fc200000,0x00000000fc200000,0x00000000fde80000)
 ParOldGen       total 83456K, used 42233K [0x00000000c0000000, 0x00000000c5180000, 0x00000000eaa80000)
  object space 83456K, 50% used [0x00000000c0000000,0x00000000c293e6f8,0x00000000c5180000)
 PSPermGen       total 21504K, used 6070K [0x00000000bae00000, 0x00000000bc300000, 0x00000000c0000000)
  object space 21504K, 28% used [0x00000000bae00000,0x00000000bb3ed8a8,0x00000000bc300000)

Card table byte_map: [0x00000000057a0000,0x00000000059d0000] byte_map_base: 0x00000000051c9000

Polling page: 0x0000000000430000

Code Cache  [0x00000000027a0000, 0x0000000002a60000, 0x00000000057a0000)
 total_blobs=911 nmethods=670 adapters=191 free_code_cache=46469Kb largest_free_block=47486656

Compilation events (10 events):
Event: 14.063 Thread 0x00000000089a3800  689             com.android.dx.rop.code.RegisterSpecSet::<init> (27 bytes)
Event: 14.064 Thread 0x00000000089a3800 nmethod 689 0x00000000029d6690 code [0x00000000029d67e0, 0x00000000029d68f8]
Event: 14.071 Thread 0x00000000089a3800  690   !         com.android.dx.cf.code.BytecodeArray::parseInstruction (2764 bytes)
Event: 15.783 Thread 0x00000000089a5800 nmethod 686 0x0000000002a482d0 code [0x0000000002a487a0, 0x0000000002a4b518]
Event: 15.783 Thread 0x00000000089a5800  691             com.android.dx.rop.cst.CstKnownNull::getType (4 bytes)
Event: 15.784 Thread 0x00000000089a5800 nmethod 691 0x00000000029ba390 code [0x00000000029ba4c0, 0x00000000029ba518]
Event: 15.784 Thread 0x00000000089a5800  692             java.util.zip.ZStreamRef::address (5 bytes)
Event: 15.784 Thread 0x00000000089a5800 nmethod 692 0x00000000029d6490 code [0x00000000029d65c0, 0x00000000029d6618]
Event: 15.784 Thread 0x00000000089a5800  693             com.android.dx.ssa.SsaMethod::getParamWidth (5 bytes)
Event: 15.784 Thread 0x00000000089a5800 nmethod 693 0x00000000029d6290 code [0x00000000029d63c0, 0x00000000029d6418]

GC Heap History (10 events):
Event: 6.399 GC heap before
{Heap before GC invocations=4 (full 0):
 PSYoungGen      total 35328K, used 35325K [0x00000000eaa80000, 0x00000000eef80000, 0x0000000100000000)
  eden space 32768K, 100% used [0x00000000eaa80000,0x00000000eca80000,0x00000000eca80000)
  from space 2560K, 99% used [0x00000000eca80000,0x00000000eccff5b0,0x00000000ecd00000)
  to   space 2560K, 0% used [0x00000000eed00000,0x00000000eed00000,0x00000000eef80000)
 ParOldGen       total 42496K, used 6672K [0x00000000c0000000, 0x00000000c2980000, 0x00000000eaa80000)
  object space 42496K, 15% used [0x00000000c0000000,0x00000000c0684020,0x00000000c2980000)
 PSPermGen       total 21504K, used 5932K [0x00000000bae00000, 0x00000000bc300000, 0x00000000c0000000)
  object space 21504K, 27% used [0x00000000bae00000,0x00000000bb3cb348,0x00000000bc300000)
Event: 6.533 GC heap after
Heap after GC invocations=4 (full 0):
 PSYoungGen      total 68096K, used 2557K [0x00000000eaa80000, 0x00000000eef80000, 0x0000000100000000)
  eden space 65536K, 0% used [0x00000000eaa80000,0x00000000eaa80000,0x00000000eea80000)
  from space 2560K, 99% used [0x00000000eed00000,0x00000000eef7f4e0,0x00000000eef80000)
  to   space 2560K, 0% used [0x00000000eea80000,0x00000000eea80000,0x00000000eed00000)
 ParOldGen       total 42496K, used 12024K [0x00000000c0000000, 0x00000000c2980000, 0x00000000eaa80000)
  object space 42496K, 28% used [0x00000000c0000000,0x00000000c0bbe328,0x00000000c2980000)
 PSPermGen       total 21504K, used 5932K [0x00000000bae00000, 0x00000000bc300000, 0x00000000c0000000)
  object space 21504K, 27% used [0x00000000bae00000,0x00000000bb3cb348,0x00000000bc300000)
}
Event: 8.802 GC heap before
{Heap before GC invocations=5 (full 0):
 PSYoungGen      total 68096K, used 68093K [0x00000000eaa80000, 0x00000000eef80000, 0x0000000100000000)
  eden space 65536K, 100% used [0x00000000eaa80000,0x00000000eea80000,0x00000000eea80000)
  from space 2560K, 99% used [0x00000000eed00000,0x00000000eef7f4e0,0x00000000eef80000)
  to   space 2560K, 0% used [0x00000000eea80000,0x00000000eea80000,0x00000000eed00000)
 ParOldGen       total 42496K, used 12024K [0x00000000c0000000, 0x00000000c2980000, 0x00000000eaa80000)
  object space 42496K, 28% used [0x00000000c0000000,0x00000000c0bbe328,0x00000000c2980000)
 PSPermGen       total 21504K, used 5965K [0x00000000bae00000, 0x00000000bc300000, 0x00000000c0000000)
  object space 21504K, 27% used [0x00000000bae00000,0x00000000bb3d34d8,0x00000000bc300000)
Event: 9.203 GC heap after
Heap after GC invocations=5 (full 0):
 PSYoungGen      total 68096K, used 2536K [0x00000000eaa80000, 0x00000000f4880000, 0x0000000100000000)
  eden space 65536K, 0% used [0x00000000eaa80000,0x00000000eaa80000,0x00000000eea80000)
  from space 2560K, 99% used [0x00000000eea80000,0x00000000eecfa1d0,0x00000000eed00000)
  to   space 15360K, 0% used [0x00000000f3980000,0x00000000f3980000,0x00000000f4880000)
 ParOldGen       total 42496K, used 22787K [0x00000000c0000000, 0x00000000c2980000, 0x00000000eaa80000)
  object space 42496K, 53% used [0x00000000c0000000,0x00000000c1640e30,0x00000000c2980000)
 PSPermGen       total 21504K, used 5965K [0x00000000bae00000, 0x00000000bc300000, 0x00000000c0000000)
  object space 21504K, 27% used [0x00000000bae00000,0x00000000bb3d34d8,0x00000000bc300000)
}
Event: 11.143 GC heap before
{Heap before GC invocations=6 (full 0):
 PSYoungGen      total 68096K, used 68072K [0x00000000eaa80000, 0x00000000f4880000, 0x0000000100000000)
  eden space 65536K, 100% used [0x00000000eaa80000,0x00000000eea80000,0x00000000eea80000)
  from space 2560K, 99% used [0x00000000eea80000,0x00000000eecfa1d0,0x00000000eed00000)
  to   space 15360K, 0% used [0x00000000f3980000,0x00000000f3980000,0x00000000f4880000)
 ParOldGen       total 42496K, used 22787K [0x00000000c0000000, 0x00000000c2980000, 0x00000000eaa80000)
  object space 42496K, 53% used [0x00000000c0000000,0x00000000c1640e30,0x00000000c2980000)
 PSPermGen       total 21504K, used 6004K [0x00000000bae00000, 0x00000000bc300000, 0x00000000c0000000)
  object space 21504K, 27% used [0x00000000bae00000,0x00000000bb3dd020,0x00000000bc300000)
Event: 11.372 GC heap after
Heap after GC invocations=6 (full 0):
 PSYoungGen      total 143872K, used 13915K [0x00000000eaa80000, 0x00000000f4d80000, 0x0000000100000000)
  eden space 128512K, 0% used [0x00000000eaa80000,0x00000000eaa80000,0x00000000f2800000)
  from space 15360K, 90% used [0x00000000f3980000,0x00000000f4716e70,0x00000000f4880000)
  to   space 17920K, 0% used [0x00000000f2800000,0x00000000f2800000,0x00000000f3980000)
 ParOldGen       total 42496K, used 22787K [0x00000000c0000000, 0x00000000c2980000, 0x00000000eaa80000)
  object space 42496K, 53% used [0x00000000c0000000,0x00000000c1640e30,0x00000000c2980000)
 PSPermGen       total 21504K, used 6004K [0x00000000bae00000, 0x00000000bc300000, 0x00000000c0000000)
  object space 21504K, 27% used [0x00000000bae00000,0x00000000bb3dd020,0x00000000bc300000)
}
Event: 14.112 GC heap before
{Heap before GC invocations=7 (full 0):
 PSYoungGen      total 143872K, used 142427K [0x00000000eaa80000, 0x00000000f4d80000, 0x0000000100000000)
  eden space 128512K, 100% used [0x00000000eaa80000,0x00000000f2800000,0x00000000f2800000)
  from space 15360K, 90% used [0x00000000f3980000,0x00000000f4716e70,0x00000000f4880000)
  to   space 17920K, 0% used [0x00000000f2800000,0x00000000f2800000,0x00000000f3980000)
 ParOldGen       total 42496K, used 22787K [0x00000000c0000000, 0x00000000c2980000, 0x00000000eaa80000)
  object space 42496K, 53% used [0x00000000c0000000,0x00000000c1640e30,0x00000000c2980000)
 PSPermGen       total 21504K, used 6075K [0x00000000bae00000, 0x00000000bc300000, 0x00000000c0000000)
  object space 21504K, 28% used [0x00000000bae00000,0x00000000bb3eee00,0x00000000bc300000)
Event: 14.264 GC heap after
Heap after GC invocations=7 (full 0):
 PSYoungGen      total 146432K, used 17907K [0x00000000eaa80000, 0x00000000fde80000, 0x0000000100000000)
  eden space 128512K, 0% used [0x00000000eaa80000,0x00000000eaa80000,0x00000000f2800000)
  from space 17920K, 99% used [0x00000000f2800000,0x00000000f397cd20,0x00000000f3980000)
  to   space 29184K, 0% used [0x00000000fc200000,0x00000000fc200000,0x00000000fde80000)
 ParOldGen       total 42496K, used 38524K [0x00000000c0000000, 0x00000000c2980000, 0x00000000eaa80000)
  object space 42496K, 90% used [0x00000000c0000000,0x00000000c259f028,0x00000000c2980000)
 PSPermGen       total 21504K, used 6075K [0x00000000bae00000, 0x00000000bc300000, 0x00000000c0000000)
  object space 21504K, 28% used [0x00000000bae00000,0x00000000bb3eee00,0x00000000bc300000)
}
Event: 14.264 GC heap before
{Heap before GC invocations=8 (full 1):
 PSYoungGen      total 146432K, used 17907K [0x00000000eaa80000, 0x00000000fde80000, 0x0000000100000000)
  eden space 128512K, 0% used [0x00000000eaa80000,0x00000000eaa80000,0x00000000f2800000)
  from space 17920K, 99% used [0x00000000f2800000,0x00000000f397cd20,0x00000000f3980000)
  to   space 29184K, 0% used [0x00000000fc200000,0x00000000fc200000,0x00000000fde80000)
 ParOldGen       total 42496K, used 38524K [0x00000000c0000000, 0x00000000c2980000, 0x00000000eaa80000)
  object space 42496K, 90% used [0x00000000c0000000,0x00000000c259f028,0x00000000c2980000)
 PSPermGen       total 21504K, used 6075K [0x00000000bae00000, 0x00000000bc300000, 0x00000000c0000000)
  object space 21504K, 28% used [0x00000000bae00000,0x00000000bb3eee00,0x00000000bc300000)
Event: 15.760 GC heap after
Heap after GC invocations=8 (full 1):
 PSYoungGen      total 146432K, used 11127K [0x00000000eaa80000, 0x00000000fde80000, 0x0000000100000000)
  eden space 128512K, 0% used [0x00000000eaa80000,0x00000000eaa80000,0x00000000f2800000)
  from space 17920K, 62% used [0x00000000f2800000,0x00000000f32ddfe8,0x00000000f3980000)
  to   space 29184K, 0% used [0x00000000fc200000,0x00000000fc200000,0x00000000fde80000)
 ParOldGen       total 83456K, used 42233K [0x00000000c0000000, 0x00000000c5180000, 0x00000000eaa80000)
  object space 83456K, 50% used [0x00000000c0000000,0x00000000c293e6f8,0x00000000c5180000)
 PSPermGen       total 21504K, used 6069K [0x00000000bae00000, 0x00000000bc300000, 0x00000000c0000000)
  object space 21504K, 28% used [0x00000000bae00000,0x00000000bb3ed7e0,0x00000000bc300000)
}

Deoptimization events (10 events):
Event: 13.425 Thread 0x000000000a5a8000 Uncommon trap: reason=bimorphic action=maybe_recompile pc=0x0000000002a175d0 method=com.android.dx.cf.code.RopperMachine.run(Lcom/android/dx/cf/code/Frame;II)V @ 988
Event: 13.512 Thread 0x000000000a5a8000 Uncommon trap: reason=bimorphic action=maybe_recompile pc=0x00000000028eb8e0 method=com.android.dx.ssa.LiteralOpUpgrader.tryReplacingWithConstant(Lcom/android/dx/ssa/NormalSsaInsn;)Z @ 62
Event: 13.513 Thread 0x000000000a5a8000 Uncommon trap: reason=class_check action=maybe_recompile pc=0x00000000029bfcec method=com.android.dx.ssa.back.FirstFitLocalCombiningAllocator.findNextUnreservedRopReg(IILcom/android/dx/ssa/back/FirstFitLocalCombiningAllocator$Alignment;)I @ 60
Event: 13.514 Thread 0x000000000a5a8000 Uncommon trap: reason=class_check action=maybe_recompile pc=0x00000000029bfcec method=com.android.dx.ssa.back.FirstFitLocalCombiningAllocator.findNextUnreservedRopReg(IILcom/android/dx/ssa/back/FirstFitLocalCombiningAllocator$Alignment;)I @ 60
Event: 13.514 Thread 0x000000000a5a8000 Uncommon trap: reason=class_check action=maybe_recompile pc=0x00000000029bfcec method=com.android.dx.ssa.back.FirstFitLocalCombiningAllocator.findNextUnreservedRopReg(IILcom/android/dx/ssa/back/FirstFitLocalCombiningAllocator$Alignment;)I @ 60
Event: 13.514 Thread 0x000000000a5a8000 Uncommon trap: reason=class_check action=maybe_recompile pc=0x00000000029bfcec method=com.android.dx.ssa.back.FirstFitLocalCombiningAllocator.findNextUnreservedRopReg(IILcom/android/dx/ssa/back/FirstFitLocalCombiningAllocator$Alignment;)I @ 60
Event: 13.517 Thread 0x000000000a5a8000 Uncommon trap: reason=bimorphic action=maybe_recompile pc=0x00000000028eb8e0 method=com.android.dx.ssa.LiteralOpUpgrader.tryReplacingWithConstant(Lcom/android/dx/ssa/NormalSsaInsn;)Z @ 62
Event: 14.005 Thread 0x000000000a797800 Uncommon trap: reason=bimorphic action=maybe_recompile pc=0x0000000002a3b394 method=com.android.dx.cf.code.BytecodeArray.parseInstruction(ILcom/android/dx/cf/code/BytecodeArray$Visitor;)I @ 971
Event: 14.005 Thread 0x000000000a797800 Uncommon trap: reason=bimorphic action=maybe_recompile pc=0x0000000002a3b394 method=com.android.dx.cf.code.BytecodeArray.parseInstruction(ILcom/android/dx/cf/code/BytecodeArray$Visitor;)I @ 971
Event: 14.005 Thread 0x000000000a797800 Uncommon trap: reason=class_check action=maybe_recompile pc=0x0000000002947514 method=com.android.dx.cf.code.Ropper.processBlock(Lcom/android/dx/cf/code/ByteBlock;Lcom/android/dx/cf/code/Frame;[I)V @ 777

Internal exceptions (10 events):
Event: 3.081 Thread 0x000000000a5aa800 Implicit null exception at 0x0000000002866040 to 0x00000000028671b5
Event: 3.998 Thread 0x000000000a5a8000 Implicit null exception at 0x000000000286ba12 to 0x000000000286bb05
Event: 4.619 Thread 0x000000000a5a8000 Threw 0x00000000eb91af68 at C:\re\jdk7u55\869\hotspot\src\share\vm\prims\jvm.cpp:1244
Event: 6.112 Thread 0x000000000248f000 Threw 0x00000000ebf5c6b8 at C:\re\jdk7u55\869\hotspot\src\share\vm\prims\jvm.cpp:1244
Event: 6.133 Thread 0x000000000a5a8000 Threw 0x00000000ec34bc30 at C:\re\jdk7u55\869\hotspot\src\share\vm\prims\jvm.cpp:1244
Event: 6.149 Thread 0x000000000a5a8000 Threw 0x00000000ec673fc8 at C:\re\jdk7u55\869\hotspot\src\share\vm\prims\jvm.cpp:1244
Event: 10.552 Thread 0x000000000248f000 Threw 0x00000000ed04c658 at C:\re\jdk7u55\869\hotspot\src\share\vm\prims\jvm.cpp:1244
Event: 11.099 Thread 0x000000000a5aa800 Implicit null exception at 0x00000000029be77c to 0x00000000029bea7d
Event: 11.099 Thread 0x000000000a5aa800 Implicit null exception at 0x00000000028c2b28 to 0x00000000028c2e15
Event: 11.117 Thread 0x000000000a5aa800 Implicit null exception at 0x0000000002879fdc to 0x000000000287a139

Events (10 events):
Event: 14.005 Thread 0x000000000a797800 DEOPT PACKING pc=0x0000000002a3b394 sp=0x000000000b10e710
Event: 14.005 Thread 0x000000000a797800 DEOPT UNPACKING pc=0x00000000027d75a4 sp=0x000000000b10e6a8 mode 2
Event: 14.005 Thread 0x000000000a797800 Uncommon trap: trap_request=0xffffffc6 fr.pc=0x0000000002a3b394
Event: 14.005 Thread 0x000000000a797800 DEOPT PACKING pc=0x0000000002a3b394 sp=0x000000000b10e7a0
Event: 14.005 Thread 0x000000000a797800 DEOPT UNPACKING pc=0x00000000027d75a4 sp=0x000000000b10e738 mode 2
Event: 14.005 Thread 0x000000000a797800 Uncommon trap: trap_request=0xffffffde fr.pc=0x0000000002947514
Event: 14.005 Thread 0x000000000a797800 DEOPT PACKING pc=0x0000000002947514 sp=0x000000000b10e980
Event: 14.005 Thread 0x000000000a797800 DEOPT UNPACKING pc=0x00000000027d75a4 sp=0x000000000b10e908 mode 2
Event: 14.112 Executing VM operation: ParallelGCFailedAllocation
Event: 15.760 Executing VM operation: ParallelGCFailedAllocation done


Dynamic libraries:
0x000000013fca0000 - 0x000000013fcd3000 	D:\Program Files\Java\jdk1.7.0_55\bin\java.exe
0x0000000076f90000 - 0x000000007713a000 	C:\windows\SYSTEM32\ntdll.dll
0x0000000076c30000 - 0x0000000076d4f000 	C:\windows\system32\kernel32.dll
0x000007fefcb60000 - 0x000007fefcbcb000 	C:\windows\system32\KERNELBASE.dll
0x000007fefd3d0000 - 0x000007fefd4ab000 	C:\windows\system32\ADVAPI32.dll
0x000007feff160000 - 0x000007feff1ff000 	C:\windows\system32\msvcrt.dll
0x000007fefd5b0000 - 0x000007fefd5cf000 	C:\windows\SYSTEM32\sechost.dll
0x000007feff030000 - 0x000007feff15d000 	C:\windows\system32\RPCRT4.dll
0x0000000076e90000 - 0x0000000076f8a000 	C:\windows\system32\USER32.dll
0x000007fefdde0000 - 0x000007fefde47000 	C:\windows\system32\GDI32.dll
0x000007fefd4b0000 - 0x000007fefd4be000 	C:\windows\system32\LPK.dll
0x000007fefd7c0000 - 0x000007fefd88a000 	C:\windows\system32\USP10.dll
0x000007fefb4f0000 - 0x000007fefb6e4000 	C:\windows\WinSxS\amd64_microsoft.windows.common-controls_6595b64144ccf1df_6.0.7601.18837_none_fa3b1e3d17594757\COMCTL32.dll
0x000007fefdd00000 - 0x000007fefdd71000 	C:\windows\system32\SHLWAPI.dll
0x000007fefd4c0000 - 0x000007fefd4ee000 	C:\windows\system32\IMM32.DLL
0x000007fefd6b0000 - 0x000007fefd7b9000 	C:\windows\system32\MSCTF.dll
0x000007fefc9e0000 - 0x000007fefca0f000 	C:\windows\system32\nvinitx.dll
0x000000000f000000 - 0x000000000f006000 	C:\Program Files\NVIDIA Corporation\CoProcManager\detoured.dll
0x000007fef9e40000 - 0x000007fef9e73000 	C:\Program Files\NVIDIA Corporation\CoProcManager\nvd3d9wrapx.dll
0x000007fefdb20000 - 0x000007fefdcf7000 	C:\windows\system32\SETUPAPI.dll
0x000007fefce90000 - 0x000007fefcec6000 	C:\windows\system32\CFGMGR32.dll
0x000007fefd5d0000 - 0x000007fefd6a8000 	C:\windows\system32\OLEAUT32.dll
0x000007fefcf40000 - 0x000007fefd143000 	C:\windows\system32\ole32.dll
0x000007fefcd00000 - 0x000007fefcd1a000 	C:\windows\system32\DEVOBJ.dll
0x000007fef9e10000 - 0x000007fef9e33000 	C:\Program Files\NVIDIA Corporation\CoProcManager\nvdxgiwrapx.dll
0x0000000068700000 - 0x00000000687d2000 	D:\Program Files\Java\jdk1.7.0_55\jre\bin\msvcr100.dll
0x0000000064840000 - 0x0000000065009000 	D:\Program Files\Java\jdk1.7.0_55\jre\bin\server\jvm.dll
0x000007fef5ec0000 - 0x000007fef5ec9000 	C:\windows\system32\WSOCK32.dll
0x000007fefd380000 - 0x000007fefd3cd000 	C:\windows\system32\WS2_32.dll
0x000007fefd4f0000 - 0x000007fefd4f8000 	C:\windows\system32\NSI.dll
0x000007fefcc90000 - 0x000007fefcccb000 	C:\windows\system32\WINMM.dll
0x0000000077150000 - 0x0000000077157000 	C:\windows\system32\PSAPI.DLL
0x000000006ad60000 - 0x000000006ad6f000 	D:\Program Files\Java\jdk1.7.0_55\jre\bin\verify.dll
0x000000006ab10000 - 0x000000006ab38000 	D:\Program Files\Java\jdk1.7.0_55\jre\bin\java.dll
0x000000006ad40000 - 0x000000006ad55000 	D:\Program Files\Java\jdk1.7.0_55\jre\bin\zip.dll
0x000000006aa80000 - 0x000000006aa99000 	D:\Program Files\Java\jdk1.7.0_55\jre\bin\net.dll
0x000007fefc250000 - 0x000007fefc2a5000 	C:\windows\system32\mswsock.dll
0x000007fefc240000 - 0x000007fefc247000 	C:\windows\System32\wship6.dll
0x000000006aa60000 - 0x000000006aa71000 	D:\Program Files\Java\jdk1.7.0_55\jre\bin\nio.dll
0x000007feef340000 - 0x000007feef465000 	C:\windows\system32\dbghelp.dll

VM Arguments:
jvm_args: -Djava.awt.headless=true -Xmx1024M -Dfile.encoding=GBK -Duser.country=CN -Duser.language=zh -Duser.variant 
java_command: com.android.dx.command.Main --dex --num-threads=4 --output E:\AndroidStudioProjectCode\StrongBoxApp\app\build\intermediates\pre-dexed\debug\com.android.support-support-v4-23.2.0_c079f5f9f59eb5fa1c9c2ba2ae33270a0908c527.jar E:\AndroidStudioProjectCode\StrongBoxApp\app\build\intermediates\exploded-aar\com.android.support\support-v4\23.2.0\jars\classes.jar
Launcher Type: SUN_STANDARD

Environment Variables:
JAVA_HOME=D:\Program Files\Java\jdk1.7.0_55
PATH=C:\Program Files (x86)\NVIDIA Corporation\PhysX\Common;C:\windows\system32;C:\windows;C:\windows\System32\Wbem;C:\windows\System32\WindowsPowerShell\v1.0\;D:\Program Files\Java\jdk1.7.0_55\bin;D:\Program Files\TortoiseSVN\bin;D:\Program Files\Cygwin\bin;C:\Program Files\Microsoft\Web Platform Installer\;C:\Program Files (x86)\Microsoft ASP.NET\ASP.NET Web Pages\v1.0\;C:\Program Files\Microsoft SQL Server\110\Tools\Binn\;D:\Program Files\apache-tomcat-7.0.53\bin;D:\Program Files\nodejs\;D:\Program Files\apache-ant-1.9.6\bin;D:\AndroidSDK\platform-tools;D:\AndroidSDK\tools;D:\Program Files\nodejs\node_global;D:\Program Files (x86)\MinGW\bin;D:\Program Files (x86)\CMake\bin;C:\Users\Administrator\AppData\Roaming\npm
USERNAME=HTT
OS=Windows_NT
PROCESSOR_IDENTIFIER=Intel64 Family 6 Model 60 Stepping 3, GenuineIntel



---------------  S Y S T E M  ---------------

OS: Windows 7 , 64 bit Build 7601 Service Pack 1

CPU:total 4 (2 cores per cpu, 2 threads per core) family 6 model 60 stepping 3, cmov, cx8, fxsr, mmx, sse, sse2, sse3, ssse3, sse4.1, sse4.2, popcnt, avx, avx2, aes, erms, ht, tsc, tscinvbit

Memory: 4k page, physical 4075668k(1005704k free), swap 6836152k(964192k free)

vm_info: Java HotSpot(TM) 64-Bit Server VM (24.55-b03) for windows-amd64 JRE (1.7.0_55-b13), built on Mar 17 2014 19:45:30 by "java_re" with unknown MS VC++:1600

time: Thu Mar 31 21:42:48 2016
elapsed time: 15 seconds

